Using pre-set license
Built from '2020.3/staging' branch; Version is '2020.3.0f1 (c7b5465681fb) revision 13088070'; Using compiler version '192528614'; Build Type 'Release'
OS: 'Windows 10 Pro; OS build 19042.985; Version 2009; 64bit' Language: 'en' Physical Memory: 32680 MB
BatchMode: 1, IsHumanControllingUs: 0, StartBugReporterOnCrash: 0, Is64bit: 1, IsPro: 0

 COMMAND LINE ARGUMENTS:
T:\Programs\Unity\2020.3.0f1\Editor\Unity.exe
-adb2
-batchMode
-noUpm
-name
AssetImportWorker0
-projectPath
T:/UniProjects/GameEngine1/Assesmentv2/FPS_Tom
-logFile
Logs/AssetImportWorker0.log
-srvPort
51672
Successfully changed project path to: T:/UniProjects/GameEngine1/Assesmentv2/FPS_Tom
T:/UniProjects/GameEngine1/Assesmentv2/FPS_Tom
Using Asset Import Pipeline V2.
Refreshing native plugins compatible for Editor in 58.00 ms, found 0 plugins.
Preloading 0 native plugins for Editor in 0.00 ms.
Initialize engine version: 2020.3.0f1 (c7b5465681fb)
[Subsystems] Discovering subsystems at path T:/Programs/Unity/2020.3.0f1/Editor/Data/Resources/UnitySubsystems
[Subsystems] Discovering subsystems at path T:/UniProjects/GameEngine1/Assesmentv2/FPS_Tom/Assets
GfxDevice: creating device client; threaded=0
Direct3D:
    Version:  Direct3D 11.0 [level 11.1]
    Renderer: NVIDIA GeForce GTX 1080 (ID=0x1b80)
    Vendor:   
    VRAM:     8079 MB
    Driver:   27.21.14.6627
Shader 'Universal Render Pipeline/Particles/Lit': fallback shader 'Universal Render Pipeline/Particles/SimpleLit' not found
Initialize mono
Mono path[0] = 'T:/Programs/Unity/2020.3.0f1/Editor/Data/Managed'
Mono path[1] = 'T:/Programs/Unity/2020.3.0f1/Editor/Data/MonoBleedingEdge/lib/mono/unityjit'
Mono config path = 'T:/Programs/Unity/2020.3.0f1/Editor/Data/MonoBleedingEdge/etc'
Using monoOptions --debugger-agent=transport=dt_socket,embedding=1,server=y,suspend=n,address=127.0.0.1:56396
Begin MonoManager ReloadAssembly
Registering precompiled unity dll's ...
Register platform support module: T:/Programs/Unity/2020.3.0f1/Editor/Data/PlaybackEngines/WindowsStandaloneSupport/UnityEditor.WindowsStandalone.Extensions.dll
Registered in 0.002548 seconds.
Native extension for WindowsStandalone target not found
Refreshing native plugins compatible for Editor in 58.00 ms, found 0 plugins.
Preloading 0 native plugins for Editor in 0.00 ms.
Invoked RoslynAnalysisRunner static constructor.
RoslynAnalysisRunner will not be running.
RoslynAnalysisRunner has terminated.
Mono: successfully reloaded assembly
- Completed reload, in  1.329 seconds
Platform modules already initialized, skipping
Registering precompiled user dll's ...
Registered in 0.001998 seconds.
Begin MonoManager ReloadAssembly
Native extension for WindowsStandalone target not found
Refreshing native plugins compatible for Editor in 60.84 ms, found 0 plugins.
Preloading 0 native plugins for Editor in 0.00 ms.
Invoked RoslynAnalysisRunner static constructor.
RoslynAnalysisRunner will not be running.
RoslynAnalysisRunner has terminated.
Mono: successfully reloaded assembly
- Completed reload, in  1.366 seconds
Platform modules already initialized, skipping
========================================================================
Worker process is ready to serve import requests
Shader 'Universal Render Pipeline/Particles/Lit': fallback shader 'Universal Render Pipeline/Particles/SimpleLit' not found
Launched and connected shader compiler UnityShaderCompiler.exe after 0.07 seconds
Refreshing native plugins compatible for Editor in 0.68 ms, found 0 plugins.
Preloading 0 native plugins for Editor in 0.00 ms.
Unloading 3145 Unused Serialized files (Serialized files now loaded: 0)
System memory in use before: 142.1 MB.
System memory in use after: 142.2 MB.

Unloading 104 unused Assets to reduce memory usage. Loaded Objects now: 3576.
Total: 3.278300 ms (FindLiveObjects: 0.314200 ms CreateObjectMapping: 0.139400 ms MarkObjects: 2.558600 ms  DeleteObjects: 0.264500 ms)

========================================================================
Received Import Request.
  path: Assets/_Models
  artifactKey: Guid(c3d943e4dc0bb0d45956b341b8886e2f) Importer(815301076,1909f56bfc062723c751e8b465ee728b)
Start importing Assets/_Models using Guid(c3d943e4dc0bb0d45956b341b8886e2f) Importer(815301076,1909f56bfc062723c751e8b465ee728b)  -> (artifact id: '06c68ca99d57b001e3938fb38383bf7e') in 0.008717 seconds
  Import took 0.017346 seconds .

========================================================================
Received Import Request.
  Time since last request: 7.371657 seconds.
  path: Assets/_Models/Enviroment
  artifactKey: Guid(8cff0b11799752346918a87bcfcde4ae) Importer(815301076,1909f56bfc062723c751e8b465ee728b)
Start importing Assets/_Models/Enviroment using Guid(8cff0b11799752346918a87bcfcde4ae) Importer(815301076,1909f56bfc062723c751e8b465ee728b)  -> (artifact id: '2f23c3d8d5afdeb0cbae818d09696152') in 0.003083 seconds
  Import took 0.014356 seconds .

========================================================================
Received Import Request.
  Time since last request: 37.140741 seconds.
  path: Assets/_Models/Enviroment/EnviroFloorTest.fbx
  artifactKey: Guid(0cf788445690c2a408e617eeea106205) Importer(815301076,1909f56bfc062723c751e8b465ee728b)
Start importing Assets/_Models/Enviroment/EnviroFloorTest.fbx using Guid(0cf788445690c2a408e617eeea106205) Importer(815301076,1909f56bfc062723c751e8b465ee728b)  -> (artifact id: '3f6d2e08ba20b8074bcb1945621e4b58') in 0.387913 seconds
  Import took 0.397170 seconds .

========================================================================
Received Import Request.
  Time since last request: 127.057401 seconds.
  path: Assets/_Models/Enviroment/EnviroFloorTest2.fbx
  artifactKey: Guid(bcd934cbd4d25ac408d44a0d22929dec) Importer(815301076,1909f56bfc062723c751e8b465ee728b)
Start importing Assets/_Models/Enviroment/EnviroFloorTest2.fbx using Guid(bcd934cbd4d25ac408d44a0d22929dec) Importer(815301076,1909f56bfc062723c751e8b465ee728b)  -> (artifact id: 'b1c171a0e8ca046547f6dae846539184') in 0.016996 seconds
  Import took 0.025190 seconds .

========================================================================
Received Import Request.
  Time since last request: 1055.069990 seconds.
  path: Assets/_Models/Enviroment/EnviroRoomTest.fbx
  artifactKey: Guid(c994a76d974563d4f9417db84fcfb8ba) Importer(815301076,1909f56bfc062723c751e8b465ee728b)
Start importing Assets/_Models/Enviroment/EnviroRoomTest.fbx using Guid(c994a76d974563d4f9417db84fcfb8ba) Importer(815301076,1909f56bfc062723c751e8b465ee728b)  -> (artifact id: 'da075e3b4969ce15d2edaaefd3a2d163') in 0.051330 seconds
  Import took 0.061031 seconds .

========================================================================
Received Prepare
Registering precompiled user dll's ...
Registered in 0.002249 seconds.
Begin MonoManager ReloadAssembly
Native extension for WindowsStandalone target not found
Refreshing native plugins compatible for Editor in 0.68 ms, found 0 plugins.
Preloading 0 native plugins for Editor in 0.00 ms.
Warning: Annotation not found!
UnityEngine.StackTraceUtility:ExtractStackTrace ()
UnityEditor.ProBuilder.EditorUtility:SetGizmoIconEnabled (System.Type,bool) (at Library/PackageCache/com.unity.probuilder@4.5.0/Editor/EditorCore/EditorUtility.cs:593)
UnityEditor.ProBuilder.HierarchyListener:.cctor () (at Library/PackageCache/com.unity.probuilder@4.5.0/Editor/EditorCore/HierarchyListener.cs:21)
System.Runtime.CompilerServices.RuntimeHelpers:RunClassConstructor (System.RuntimeTypeHandle)
UnityEditor.EditorAssemblies:ProcessInitializeOnLoadAttributes (System.Type[])

[Library/PackageCache/com.unity.probuilder@4.5.0/Editor/EditorCore/EditorUtility.cs line 593]

Invoked RoslynAnalysisRunner static constructor.
RoslynAnalysisRunner will not be running.
RoslynAnalysisRunner has terminated.
Mono: successfully reloaded assembly
- Completed reload, in  1.390 seconds
Platform modules already initialized, skipping
Shader 'Universal Render Pipeline/Particles/Lit': fallback shader 'Universal Render Pipeline/Particles/SimpleLit' not found
Refreshing native plugins compatible for Editor in 0.75 ms, found 0 plugins.
Preloading 0 native plugins for Editor in 0.00 ms.
Unloading 2988 Unused Serialized files (Serialized files now loaded: 0)
System memory in use before: 138.0 MB.
System memory in use after: 138.1 MB.

Unloading 10 unused Assets to reduce memory usage. Loaded Objects now: 3660.
Total: 4.797100 ms (FindLiveObjects: 0.353100 ms CreateObjectMapping: 0.147000 ms MarkObjects: 4.189400 ms  DeleteObjects: 0.105800 ms)

========================================================================
Received Import Request.
  Time since last request: 533.671958 seconds.
  path: Assets/_Models/Enviroment/EnviroRoomTest.fbx
  artifactKey: Guid(c994a76d974563d4f9417db84fcfb8ba) Importer(815301076,1909f56bfc062723c751e8b465ee728b)
Start importing Assets/_Models/Enviroment/EnviroRoomTest.fbx using Guid(c994a76d974563d4f9417db84fcfb8ba) Importer(815301076,1909f56bfc062723c751e8b465ee728b)  -> (artifact id: 'a4f269d68c5759e1b99a430231a93b0a') in 0.264753 seconds
  Import took 0.274681 seconds .

========================================================================
Received Prepare
Registering precompiled user dll's ...
Registered in 0.002048 seconds.
Begin MonoManager ReloadAssembly
Native extension for WindowsStandalone target not found
Refreshing native plugins compatible for Editor in 0.78 ms, found 0 plugins.
Preloading 0 native plugins for Editor in 0.00 ms.
Warning: Annotation not found!
UnityEngine.StackTraceUtility:ExtractStackTrace ()
UnityEditor.ProBuilder.EditorUtility:SetGizmoIconEnabled (System.Type,bool) (at Library/PackageCache/com.unity.probuilder@4.5.0/Editor/EditorCore/EditorUtility.cs:593)
UnityEditor.ProBuilder.HierarchyListener:.cctor () (at Library/PackageCache/com.unity.probuilder@4.5.0/Editor/EditorCore/HierarchyListener.cs:21)
System.Runtime.CompilerServices.RuntimeHelpers:RunClassConstructor (System.RuntimeTypeHandle)
UnityEditor.EditorAssemblies:ProcessInitializeOnLoadAttributes (System.Type[])

[Library/PackageCache/com.unity.probuilder@4.5.0/Editor/EditorCore/EditorUtility.cs line 593]

Invoked RoslynAnalysisRunner static constructor.
RoslynAnalysisRunner will not be running.
RoslynAnalysisRunner has terminated.
Mono: successfully reloaded assembly
- Completed reload, in  1.599 seconds
Platform modules already initialized, skipping
Shader 'Universal Render Pipeline/Particles/Lit': fallback shader 'Universal Render Pipeline/Particles/SimpleLit' not found
Refreshing native plugins compatible for Editor in 0.66 ms, found 0 plugins.
Preloading 0 native plugins for Editor in 0.00 ms.
Unloading 2988 Unused Serialized files (Serialized files now loaded: 0)
System memory in use before: 138.1 MB.
System memory in use after: 138.3 MB.

Unloading 10 unused Assets to reduce memory usage. Loaded Objects now: 3699.
Total: 3.757500 ms (FindLiveObjects: 0.304900 ms CreateObjectMapping: 0.134200 ms MarkObjects: 3.211200 ms  DeleteObjects: 0.105600 ms)

========================================================================
Received Prepare
Registering precompiled user dll's ...
Registered in 0.002117 seconds.
Begin MonoManager ReloadAssembly
Native extension for WindowsStandalone target not found
Refreshing native plugins compatible for Editor in 0.67 ms, found 0 plugins.
Preloading 0 native plugins for Editor in 0.00 ms.
Warning: Annotation not found!
UnityEngine.StackTraceUtility:ExtractStackTrace ()
UnityEditor.ProBuilder.EditorUtility:SetGizmoIconEnabled (System.Type,bool) (at Library/PackageCache/com.unity.probuilder@4.5.0/Editor/EditorCore/EditorUtility.cs:593)
UnityEditor.ProBuilder.HierarchyListener:.cctor () (at Library/PackageCache/com.unity.probuilder@4.5.0/Editor/EditorCore/HierarchyListener.cs:21)
System.Runtime.CompilerServices.RuntimeHelpers:RunClassConstructor (System.RuntimeTypeHandle)
UnityEditor.EditorAssemblies:ProcessInitializeOnLoadAttributes (System.Type[])

[Library/PackageCache/com.unity.probuilder@4.5.0/Editor/EditorCore/EditorUtility.cs line 593]

Invoked RoslynAnalysisRunner static constructor.
RoslynAnalysisRunner will not be running.
RoslynAnalysisRunner has terminated.
Mono: successfully reloaded assembly
- Completed reload, in  1.278 seconds
Platform modules already initialized, skipping
Shader 'Universal Render Pipeline/Particles/Lit': fallback shader 'Universal Render Pipeline/Particles/SimpleLit' not found
Refreshing native plugins compatible for Editor in 0.68 ms, found 0 plugins.
Preloading 0 native plugins for Editor in 0.00 ms.
Unloading 2988 Unused Serialized files (Serialized files now loaded: 0)
System memory in use before: 138.2 MB.
System memory in use after: 138.3 MB.

Unloading 10 unused Assets to reduce memory usage. Loaded Objects now: 3702.
Total: 3.701000 ms (FindLiveObjects: 0.334200 ms CreateObjectMapping: 0.138900 ms MarkObjects: 3.112400 ms  DeleteObjects: 0.113200 ms)

========================================================================
Received Import Request.
  Time since last request: 694.712130 seconds.
  path: Assets/41.unity
  artifactKey: Guid(f4585048b8961344cae650b81db07d14) Importer(815301076,1909f56bfc062723c751e8b465ee728b)
Start importing Assets/41.unity using Guid(f4585048b8961344cae650b81db07d14) Importer(815301076,1909f56bfc062723c751e8b465ee728b)  -> (artifact id: '6ca870ea0dfa0d5c6fb0db706bf45507') in 0.009844 seconds
  Import took 0.019084 seconds .

========================================================================
Received Import Request.
  Time since last request: 15.301848 seconds.
  path: Assets/Prefabs/MailDrone1.prefab
  artifactKey: Guid(905b2ca0b74439441be2704b5f28d3a1) Importer(815301076,1909f56bfc062723c751e8b465ee728b)
Start importing Assets/Prefabs/MailDrone1.prefab using Guid(905b2ca0b74439441be2704b5f28d3a1) Importer(815301076,1909f56bfc062723c751e8b465ee728b)  -> (artifact id: 'adee93023c6f7212bfbfaba2044c1b32') in 0.245619 seconds
  Import took 0.254747 seconds .

========================================================================
Received Prepare
Registering precompiled user dll's ...
Registered in 0.002024 seconds.
Begin MonoManager ReloadAssembly
Native extension for WindowsStandalone target not found
Refreshing native plugins compatible for Editor in 0.73 ms, found 0 plugins.
Preloading 0 native plugins for Editor in 0.00 ms.
Warning: Annotation not found!
UnityEngine.StackTraceUtility:ExtractStackTrace ()
UnityEditor.ProBuilder.EditorUtility:SetGizmoIconEnabled (System.Type,bool) (at Library/PackageCache/com.unity.probuilder@4.5.0/Editor/EditorCore/EditorUtility.cs:593)
UnityEditor.ProBuilder.HierarchyListener:.cctor () (at Library/PackageCache/com.unity.probuilder@4.5.0/Editor/EditorCore/HierarchyListener.cs:21)
System.Runtime.CompilerServices.RuntimeHelpers:RunClassConstructor (System.RuntimeTypeHandle)
UnityEditor.EditorAssemblies:ProcessInitializeOnLoadAttributes (System.Type[])

[Library/PackageCache/com.unity.probuilder@4.5.0/Editor/EditorCore/EditorUtility.cs line 593]

Invoked RoslynAnalysisRunner static constructor.
RoslynAnalysisRunner will not be running.
RoslynAnalysisRunner has terminated.
Mono: successfully reloaded assembly
- Completed reload, in  1.324 seconds
Platform modules already initialized, skipping
Shader 'Universal Render Pipeline/Particles/Lit': fallback shader 'Universal Render Pipeline/Particles/SimpleLit' not found
Refreshing native plugins compatible for Editor in 1.15 ms, found 0 plugins.
Preloading 0 native plugins for Editor in 0.00 ms.
Unloading 2988 Unused Serialized files (Serialized files now loaded: 0)
System memory in use before: 138.4 MB.
System memory in use after: 138.6 MB.

Unloading 10 unused Assets to reduce memory usage. Loaded Objects now: 3742.
Total: 4.748900 ms (FindLiveObjects: 0.421600 ms CreateObjectMapping: 0.191500 ms MarkObjects: 3.932400 ms  DeleteObjects: 0.200700 ms)

========================================================================
Received Import Request.
  Time since last request: 30.014648 seconds.
  path: Assets/Prefabs/Bullet.prefab
  artifactKey: Guid(d01f1119961d5bd469b0470bafcc660b) Importer(815301076,1909f56bfc062723c751e8b465ee728b)
Start importing Assets/Prefabs/Bullet.prefab using Guid(d01f1119961d5bd469b0470bafcc660b) Importer(815301076,1909f56bfc062723c751e8b465ee728b)  -> (artifact id: '25bf0c293d7b62339d5c9a119086158c') in 0.186590 seconds
  Import took 0.195530 seconds .

========================================================================
Received Import Request.
  Time since last request: 78.116463 seconds.
  path: Assets/Prefabs/Bullet.prefab
  artifactKey: Guid(d01f1119961d5bd469b0470bafcc660b) Importer(815301076,1909f56bfc062723c751e8b465ee728b)
Start importing Assets/Prefabs/Bullet.prefab using Guid(d01f1119961d5bd469b0470bafcc660b) Importer(815301076,1909f56bfc062723c751e8b465ee728b)  -> (artifact id: '813e0022230c86963fcab099d3c95a55') in 0.012951 seconds
  Import took 0.022488 seconds .

========================================================================
Received Import Request.
  Time since last request: 29.487636 seconds.
  path: Assets/Prefabs/Bullet.prefab
  artifactKey: Guid(d01f1119961d5bd469b0470bafcc660b) Importer(815301076,1909f56bfc062723c751e8b465ee728b)
Start importing Assets/Prefabs/Bullet.prefab using Guid(d01f1119961d5bd469b0470bafcc660b) Importer(815301076,1909f56bfc062723c751e8b465ee728b)  -> (artifact id: '7c888d326a3a547af4b6d4e10aa1f36c') in 0.009935 seconds
  Import took 0.017945 seconds .

========================================================================
Received Import Request.
  Time since last request: 271.328264 seconds.
  path: Assets/Prefabs/Bullet.prefab
  artifactKey: Guid(d01f1119961d5bd469b0470bafcc660b) Importer(815301076,1909f56bfc062723c751e8b465ee728b)
Start importing Assets/Prefabs/Bullet.prefab using Guid(d01f1119961d5bd469b0470bafcc660b) Importer(815301076,1909f56bfc062723c751e8b465ee728b)  -> (artifact id: 'e225aa958797622ca49661993bb9dbd1') in 0.024142 seconds
  Import took 0.038069 seconds .

========================================================================
Received Import Request.
  Time since last request: 6.629627 seconds.
  path: Assets/Prefabs/Bullet.prefab
  artifactKey: Guid(d01f1119961d5bd469b0470bafcc660b) Importer(815301076,1909f56bfc062723c751e8b465ee728b)
Start importing Assets/Prefabs/Bullet.prefab using Guid(d01f1119961d5bd469b0470bafcc660b) Importer(815301076,1909f56bfc062723c751e8b465ee728b)  -> (artifact id: 'b391e05291b6eca6b926ed849c08d271') in 0.016072 seconds
  Import took 0.029120 seconds .

========================================================================
Received Import Request.
  Time since last request: 22.231974 seconds.
  path: Assets/Prefabs/Bullet.prefab
  artifactKey: Guid(d01f1119961d5bd469b0470bafcc660b) Importer(815301076,1909f56bfc062723c751e8b465ee728b)
Start importing Assets/Prefabs/Bullet.prefab using Guid(d01f1119961d5bd469b0470bafcc660b) Importer(815301076,1909f56bfc062723c751e8b465ee728b)  -> (artifact id: 'bda3d73526287bee38fb1aa6885ae1a3') in 0.011280 seconds
  Import took 0.020677 seconds .

========================================================================
Received Import Request.
  Time since last request: 18.170942 seconds.
  path: Assets/Prefabs/Bullet.prefab
  artifactKey: Guid(d01f1119961d5bd469b0470bafcc660b) Importer(815301076,1909f56bfc062723c751e8b465ee728b)
Start importing Assets/Prefabs/Bullet.prefab using Guid(d01f1119961d5bd469b0470bafcc660b) Importer(815301076,1909f56bfc062723c751e8b465ee728b)  -> (artifact id: '1e0373efa76a4a82f1e6261e1f62fa63') in 0.011599 seconds
  Import took 0.022209 seconds .

========================================================================
Received Import Request.
  Time since last request: 12.834245 seconds.
  path: Assets/Prefabs/Bullet.prefab
  artifactKey: Guid(d01f1119961d5bd469b0470bafcc660b) Importer(815301076,1909f56bfc062723c751e8b465ee728b)
Start importing Assets/Prefabs/Bullet.prefab using Guid(d01f1119961d5bd469b0470bafcc660b) Importer(815301076,1909f56bfc062723c751e8b465ee728b)  -> (artifact id: '0cf524667e94d64f07212592ca0a7369') in 0.012218 seconds
  Import took 0.022828 seconds .

========================================================================
Received Import Request.
  Time since last request: 23.629214 seconds.
  path: Assets/Prefabs/Bullet.prefab
  artifactKey: Guid(d01f1119961d5bd469b0470bafcc660b) Importer(815301076,1909f56bfc062723c751e8b465ee728b)
Start importing Assets/Prefabs/Bullet.prefab using Guid(d01f1119961d5bd469b0470bafcc660b) Importer(815301076,1909f56bfc062723c751e8b465ee728b)  -> (artifact id: '7bc2af7d58bdc669e5011a64b265591f') in 0.012080 seconds
  Import took 0.020540 seconds .

========================================================================
Received Import Request.
  Time since last request: 3.196454 seconds.
  path: Assets/Prefabs/Bullet.prefab
  artifactKey: Guid(d01f1119961d5bd469b0470bafcc660b) Importer(815301076,1909f56bfc062723c751e8b465ee728b)
Start importing Assets/Prefabs/Bullet.prefab using Guid(d01f1119961d5bd469b0470bafcc660b) Importer(815301076,1909f56bfc062723c751e8b465ee728b)  -> (artifact id: '832f4480519c0dab03546a285064b3d4') in 0.013093 seconds
  Import took 0.025430 seconds .

========================================================================
Received Import Request.
  Time since last request: 1.880197 seconds.
  path: Assets/Prefabs/Bullet.prefab
  artifactKey: Guid(d01f1119961d5bd469b0470bafcc660b) Importer(815301076,1909f56bfc062723c751e8b465ee728b)
Start importing Assets/Prefabs/Bullet.prefab using Guid(d01f1119961d5bd469b0470bafcc660b) Importer(815301076,1909f56bfc062723c751e8b465ee728b)  -> (artifact id: '7a1abca4c85f42149d0aca99c3a89b7a') in 0.010231 seconds
  Import took 0.019639 seconds .

========================================================================
Received Import Request.
  Time since last request: 1.743590 seconds.
  path: Assets/Prefabs/Bullet.prefab
  artifactKey: Guid(d01f1119961d5bd469b0470bafcc660b) Importer(815301076,1909f56bfc062723c751e8b465ee728b)
Start importing Assets/Prefabs/Bullet.prefab using Guid(d01f1119961d5bd469b0470bafcc660b) Importer(815301076,1909f56bfc062723c751e8b465ee728b)  -> (artifact id: '6f38fef936923187a0d54078d66b6451') in 0.011151 seconds
  Import took 0.020407 seconds .

========================================================================
Received Import Request.
  Time since last request: 9.170462 seconds.
  path: Assets/Prefabs/Bullet.prefab
  artifactKey: Guid(d01f1119961d5bd469b0470bafcc660b) Importer(815301076,1909f56bfc062723c751e8b465ee728b)
Start importing Assets/Prefabs/Bullet.prefab using Guid(d01f1119961d5bd469b0470bafcc660b) Importer(815301076,1909f56bfc062723c751e8b465ee728b)  -> (artifact id: 'fe6700a54084851e767c81e6d26d8b20') in 0.009506 seconds
  Import took 0.018542 seconds .

========================================================================
Received Import Request.
  Time since last request: 44.372829 seconds.
  path: Assets/Prefabs/Bullet.prefab
  artifactKey: Guid(d01f1119961d5bd469b0470bafcc660b) Importer(815301076,1909f56bfc062723c751e8b465ee728b)
Start importing Assets/Prefabs/Bullet.prefab using Guid(d01f1119961d5bd469b0470bafcc660b) Importer(815301076,1909f56bfc062723c751e8b465ee728b)  -> (artifact id: '27014b53cb19d5bed6e9c2a58f8719ce') in 0.012366 seconds
  Import took 0.021573 seconds .

========================================================================
Received Import Request.
  Time since last request: 1.178883 seconds.
  path: Assets/Prefabs/Bullet.prefab
  artifactKey: Guid(d01f1119961d5bd469b0470bafcc660b) Importer(815301076,1909f56bfc062723c751e8b465ee728b)
Start importing Assets/Prefabs/Bullet.prefab using Guid(d01f1119961d5bd469b0470bafcc660b) Importer(815301076,1909f56bfc062723c751e8b465ee728b)  -> (artifact id: 'f9912b130643d5f86ecd87ef8a321bd2') in 0.010225 seconds
  Import took 0.020617 seconds .

========================================================================
Received Import Request.
  Time since last request: 3.015552 seconds.
  path: Assets/Prefabs/Bullet.prefab
  artifactKey: Guid(d01f1119961d5bd469b0470bafcc660b) Importer(815301076,1909f56bfc062723c751e8b465ee728b)
Start importing Assets/Prefabs/Bullet.prefab using Guid(d01f1119961d5bd469b0470bafcc660b) Importer(815301076,1909f56bfc062723c751e8b465ee728b)  -> (artifact id: '0279d13ca3ac39a297e49bb75ffbf45f') in 0.011262 seconds
  Import took 0.021438 seconds .

========================================================================
Received Import Request.
  Time since last request: 8.651754 seconds.
  path: Assets/Prefabs/Bullet.prefab
  artifactKey: Guid(d01f1119961d5bd469b0470bafcc660b) Importer(815301076,1909f56bfc062723c751e8b465ee728b)
Start importing Assets/Prefabs/Bullet.prefab using Guid(d01f1119961d5bd469b0470bafcc660b) Importer(815301076,1909f56bfc062723c751e8b465ee728b)  -> (artifact id: '770dd7c9607e4318f2b13a2aaac7fc52') in 0.012300 seconds
  Import took 0.022294 seconds .

========================================================================
Received Import Request.
  Time since last request: 14.617247 seconds.
  path: Assets/Prefabs/Bullet.prefab
  artifactKey: Guid(d01f1119961d5bd469b0470bafcc660b) Importer(815301076,1909f56bfc062723c751e8b465ee728b)
Start importing Assets/Prefabs/Bullet.prefab using Guid(d01f1119961d5bd469b0470bafcc660b) Importer(815301076,1909f56bfc062723c751e8b465ee728b)  -> (artifact id: '8f3ab6be1e7f1e60c0962aa80026fe36') in 0.011056 seconds
  Import took 0.019635 seconds .

========================================================================
Received Import Request.
  Time since last request: 5.138900 seconds.
  path: Assets/Prefabs/Bullet.prefab
  artifactKey: Guid(d01f1119961d5bd469b0470bafcc660b) Importer(815301076,1909f56bfc062723c751e8b465ee728b)
Start importing Assets/Prefabs/Bullet.prefab using Guid(d01f1119961d5bd469b0470bafcc660b) Importer(815301076,1909f56bfc062723c751e8b465ee728b)  -> (artifact id: '14386e365f3c0a02395b340912070a1b') in 0.009689 seconds
  Import took 0.018846 seconds .

========================================================================
Received Prepare
Registering precompiled user dll's ...
Registered in 0.002158 seconds.
Begin MonoManager ReloadAssembly
Native extension for WindowsStandalone target not found
Refreshing native plugins compatible for Editor in 1.03 ms, found 0 plugins.
Preloading 0 native plugins for Editor in 0.00 ms.
Warning: Annotation not found!
UnityEngine.StackTraceUtility:ExtractStackTrace ()
UnityEditor.ProBuilder.EditorUtility:SetGizmoIconEnabled (System.Type,bool) (at Library/PackageCache/com.unity.probuilder@4.5.0/Editor/EditorCore/EditorUtility.cs:593)
UnityEditor.ProBuilder.HierarchyListener:.cctor () (at Library/PackageCache/com.unity.probuilder@4.5.0/Editor/EditorCore/HierarchyListener.cs:21)
System.Runtime.CompilerServices.RuntimeHelpers:RunClassConstructor (System.RuntimeTypeHandle)
UnityEditor.EditorAssemblies:ProcessInitializeOnLoadAttributes (System.Type[])

[Library/PackageCache/com.unity.probuilder@4.5.0/Editor/EditorCore/EditorUtility.cs line 593]

Invoked RoslynAnalysisRunner static constructor.
RoslynAnalysisRunner will not be running.
RoslynAnalysisRunner has terminated.
Mono: successfully reloaded assembly
- Completed reload, in  1.218 seconds
Platform modules already initialized, skipping
Shader 'Universal Render Pipeline/Particles/Lit': fallback shader 'Universal Render Pipeline/Particles/SimpleLit' not found
Refreshing native plugins compatible for Editor in 0.64 ms, found 0 plugins.
Preloading 0 native plugins for Editor in 0.00 ms.
Unloading 2988 Unused Serialized files (Serialized files now loaded: 0)
System memory in use before: 138.6 MB.
System memory in use after: 138.7 MB.

Unloading 10 unused Assets to reduce memory usage. Loaded Objects now: 3782.
Total: 3.675200 ms (FindLiveObjects: 0.317000 ms CreateObjectMapping: 0.127000 ms MarkObjects: 3.124100 ms  DeleteObjects: 0.106100 ms)

========================================================================
Received Prepare
Registering precompiled user dll's ...
Registered in 0.002080 seconds.
Begin MonoManager ReloadAssembly
Native extension for WindowsStandalone target not found
Refreshing native plugins compatible for Editor in 0.67 ms, found 0 plugins.
Preloading 0 native plugins for Editor in 0.00 ms.
Warning: Annotation not found!
UnityEngine.StackTraceUtility:ExtractStackTrace ()
UnityEditor.ProBuilder.EditorUtility:SetGizmoIconEnabled (System.Type,bool) (at Library/PackageCache/com.unity.probuilder@4.5.0/Editor/EditorCore/EditorUtility.cs:593)
UnityEditor.ProBuilder.HierarchyListener:.cctor () (at Library/PackageCache/com.unity.probuilder@4.5.0/Editor/EditorCore/HierarchyListener.cs:21)
System.Runtime.CompilerServices.RuntimeHelpers:RunClassConstructor (System.RuntimeTypeHandle)
UnityEditor.EditorAssemblies:ProcessInitializeOnLoadAttributes (System.Type[])

[Library/PackageCache/com.unity.probuilder@4.5.0/Editor/EditorCore/EditorUtility.cs line 593]

Invoked RoslynAnalysisRunner static constructor.
RoslynAnalysisRunner will not be running.
RoslynAnalysisRunner has terminated.
Mono: successfully reloaded assembly
- Completed reload, in  1.208 seconds
Platform modules already initialized, skipping
Shader 'Universal Render Pipeline/Particles/Lit': fallback shader 'Universal Render Pipeline/Particles/SimpleLit' not found
Refreshing native plugins compatible for Editor in 0.64 ms, found 0 plugins.
Preloading 0 native plugins for Editor in 0.00 ms.
Unloading 2988 Unused Serialized files (Serialized files now loaded: 0)
System memory in use before: 138.6 MB.
System memory in use after: 138.8 MB.

Unloading 10 unused Assets to reduce memory usage. Loaded Objects now: 3785.
Total: 3.637000 ms (FindLiveObjects: 0.526900 ms CreateObjectMapping: 0.172700 ms MarkObjects: 2.822300 ms  DeleteObjects: 0.113900 ms)

========================================================================
Received Prepare
Registering precompiled user dll's ...
Registered in 0.002036 seconds.
Begin MonoManager ReloadAssembly
Native extension for WindowsStandalone target not found
Refreshing native plugins compatible for Editor in 0.66 ms, found 0 plugins.
Preloading 0 native plugins for Editor in 0.00 ms.
Warning: Annotation not found!
UnityEngine.StackTraceUtility:ExtractStackTrace ()
UnityEditor.ProBuilder.EditorUtility:SetGizmoIconEnabled (System.Type,bool) (at Library/PackageCache/com.unity.probuilder@4.5.0/Editor/EditorCore/EditorUtility.cs:593)
UnityEditor.ProBuilder.HierarchyListener:.cctor () (at Library/PackageCache/com.unity.probuilder@4.5.0/Editor/EditorCore/HierarchyListener.cs:21)
System.Runtime.CompilerServices.RuntimeHelpers:RunClassConstructor (System.RuntimeTypeHandle)
UnityEditor.EditorAssemblies:ProcessInitializeOnLoadAttributes (System.Type[])

[Library/PackageCache/com.unity.probuilder@4.5.0/Editor/EditorCore/EditorUtility.cs line 593]

Invoked RoslynAnalysisRunner static constructor.
RoslynAnalysisRunner will not be running.
RoslynAnalysisRunner has terminated.
Mono: successfully reloaded assembly
- Completed reload, in  1.193 seconds
Platform modules already initialized, skipping
Shader 'Universal Render Pipeline/Particles/Lit': fallback shader 'Universal Render Pipeline/Particles/SimpleLit' not found
Refreshing native plugins compatible for Editor in 0.72 ms, found 0 plugins.
Preloading 0 native plugins for Editor in 0.00 ms.
Unloading 2988 Unused Serialized files (Serialized files now loaded: 0)
System memory in use before: 138.6 MB.
System memory in use after: 138.8 MB.

Unloading 10 unused Assets to reduce memory usage. Loaded Objects now: 3788.
Total: 5.156700 ms (FindLiveObjects: 0.369700 ms CreateObjectMapping: 0.189700 ms MarkObjects: 4.483800 ms  DeleteObjects: 0.112300 ms)

========================================================================
Received Prepare
Registering precompiled user dll's ...
Registered in 0.002869 seconds.
Begin MonoManager ReloadAssembly
Native extension for WindowsStandalone target not found
Refreshing native plugins compatible for Editor in 0.81 ms, found 0 plugins.
Preloading 0 native plugins for Editor in 0.00 ms.
Warning: Annotation not found!
UnityEngine.StackTraceUtility:ExtractStackTrace ()
UnityEditor.ProBuilder.EditorUtility:SetGizmoIconEnabled (System.Type,bool) (at Library/PackageCache/com.unity.probuilder@4.5.0/Editor/EditorCore/EditorUtility.cs:593)
UnityEditor.ProBuilder.HierarchyListener:.cctor () (at Library/PackageCache/com.unity.probuilder@4.5.0/Editor/EditorCore/HierarchyListener.cs:21)
System.Runtime.CompilerServices.RuntimeHelpers:RunClassConstructor (System.RuntimeTypeHandle)
UnityEditor.EditorAssemblies:ProcessInitializeOnLoadAttributes (System.Type[])

[Library/PackageCache/com.unity.probuilder@4.5.0/Editor/EditorCore/EditorUtility.cs line 593]

Invoked RoslynAnalysisRunner static constructor.
RoslynAnalysisRunner will not be running.
RoslynAnalysisRunner has terminated.
Mono: successfully reloaded assembly
- Completed reload, in  1.478 seconds
Platform modules already initialized, skipping
Shader 'Universal Render Pipeline/Particles/Lit': fallback shader 'Universal Render Pipeline/Particles/SimpleLit' not found
Refreshing native plugins compatible for Editor in 0.69 ms, found 0 plugins.
Preloading 0 native plugins for Editor in 0.00 ms.
Unloading 2988 Unused Serialized files (Serialized files now loaded: 0)
System memory in use before: 138.6 MB.
System memory in use after: 138.8 MB.

Unloading 10 unused Assets to reduce memory usage. Loaded Objects now: 3791.
Total: 3.964600 ms (FindLiveObjects: 0.317400 ms CreateObjectMapping: 0.130500 ms MarkObjects: 3.355300 ms  DeleteObjects: 0.159700 ms)

========================================================================
Received Prepare
Registering precompiled user dll's ...
Registered in 0.002154 seconds.
Begin MonoManager ReloadAssembly
Native extension for WindowsStandalone target not found
Refreshing native plugins compatible for Editor in 1.86 ms, found 0 plugins.
Preloading 0 native plugins for Editor in 0.00 ms.
Warning: Annotation not found!
UnityEngine.StackTraceUtility:ExtractStackTrace ()
UnityEditor.ProBuilder.EditorUtility:SetGizmoIconEnabled (System.Type,bool) (at Library/PackageCache/com.unity.probuilder@4.5.0/Editor/EditorCore/EditorUtility.cs:593)
UnityEditor.ProBuilder.HierarchyListener:.cctor () (at Library/PackageCache/com.unity.probuilder@4.5.0/Editor/EditorCore/HierarchyListener.cs:21)
System.Runtime.CompilerServices.RuntimeHelpers:RunClassConstructor (System.RuntimeTypeHandle)
UnityEditor.EditorAssemblies:ProcessInitializeOnLoadAttributes (System.Type[])

[Library/PackageCache/com.unity.probuilder@4.5.0/Editor/EditorCore/EditorUtility.cs line 593]

Invoked RoslynAnalysisRunner static constructor.
RoslynAnalysisRunner will not be running.
RoslynAnalysisRunner has terminated.
Mono: successfully reloaded assembly
- Completed reload, in  1.468 seconds
Platform modules already initialized, skipping
Shader 'Universal Render Pipeline/Particles/Lit': fallback shader 'Universal Render Pipeline/Particles/SimpleLit' not found
Refreshing native plugins compatible for Editor in 0.71 ms, found 0 plugins.
Preloading 0 native plugins for Editor in 0.00 ms.
Unloading 2988 Unused Serialized files (Serialized files now loaded: 0)
System memory in use before: 138.6 MB.
System memory in use after: 138.8 MB.

Unloading 10 unused Assets to reduce memory usage. Loaded Objects now: 3794.
Total: 4.201500 ms (FindLiveObjects: 0.519900 ms CreateObjectMapping: 0.223500 ms MarkObjects: 3.338500 ms  DeleteObjects: 0.117800 ms)

========================================================================
Received Import Request.
  Time since last request: 258.505668 seconds.
  path: Assets/Prefabs/Bullet.prefab
  artifactKey: Guid(d01f1119961d5bd469b0470bafcc660b) Importer(815301076,1909f56bfc062723c751e8b465ee728b)
Start importing Assets/Prefabs/Bullet.prefab using Guid(d01f1119961d5bd469b0470bafcc660b) Importer(815301076,1909f56bfc062723c751e8b465ee728b)  -> (artifact id: '8eb6d159c514693bdf04f812f6dae71a') in 0.184160 seconds
  Import took 0.192840 seconds .

========================================================================
Received Import Request.
  Time since last request: 19.503276 seconds.
  path: Assets/Prefabs/Bullet.prefab
  artifactKey: Guid(d01f1119961d5bd469b0470bafcc660b) Importer(815301076,1909f56bfc062723c751e8b465ee728b)
Start importing Assets/Prefabs/Bullet.prefab using Guid(d01f1119961d5bd469b0470bafcc660b) Importer(815301076,1909f56bfc062723c751e8b465ee728b)  -> (artifact id: '8f6481e573176e5a4a11de2b79776662') in 0.011845 seconds
  Import took 0.020932 seconds .

========================================================================
Received Import Request.
  Time since last request: 1.539643 seconds.
  path: Assets/Prefabs/Bullet.prefab
  artifactKey: Guid(d01f1119961d5bd469b0470bafcc660b) Importer(815301076,1909f56bfc062723c751e8b465ee728b)
Start importing Assets/Prefabs/Bullet.prefab using Guid(d01f1119961d5bd469b0470bafcc660b) Importer(815301076,1909f56bfc062723c751e8b465ee728b)  -> (artifact id: 'b00ff0b47b04188a3e8f6fe368b5bbb1') in 0.010112 seconds
  Import took 0.019526 seconds .

========================================================================
Received Import Request.
  Time since last request: 1.600284 seconds.
  path: Assets/Prefabs/Bullet.prefab
  artifactKey: Guid(d01f1119961d5bd469b0470bafcc660b) Importer(815301076,1909f56bfc062723c751e8b465ee728b)
Start importing Assets/Prefabs/Bullet.prefab using Guid(d01f1119961d5bd469b0470bafcc660b) Importer(815301076,1909f56bfc062723c751e8b465ee728b)  -> (artifact id: '6ad55d318a6295817dd08a1f40e7f9f8') in 0.010068 seconds
  Import took 0.019137 seconds .

========================================================================
Received Import Request.
  Time since last request: 11.305870 seconds.
  path: Assets/Prefabs/Bullet.prefab
  artifactKey: Guid(d01f1119961d5bd469b0470bafcc660b) Importer(815301076,1909f56bfc062723c751e8b465ee728b)
Start importing Assets/Prefabs/Bullet.prefab using Guid(d01f1119961d5bd469b0470bafcc660b) Importer(815301076,1909f56bfc062723c751e8b465ee728b)  -> (artifact id: 'e0d4201ffa06689589bfc672af136903') in 0.010904 seconds
  Import took 0.020325 seconds .

========================================================================
Received Import Request.
  Time since last request: 3.996627 seconds.
  path: Assets/Prefabs/Bullet.prefab
  artifactKey: Guid(d01f1119961d5bd469b0470bafcc660b) Importer(815301076,1909f56bfc062723c751e8b465ee728b)
Start importing Assets/Prefabs/Bullet.prefab using Guid(d01f1119961d5bd469b0470bafcc660b) Importer(815301076,1909f56bfc062723c751e8b465ee728b)  -> (artifact id: '4b14e4fa4d9b6d98b175e183027ba319') in 0.009521 seconds
  Import took 0.018487 seconds .

========================================================================
Received Import Request.
  Time since last request: 5.032014 seconds.
  path: Assets/Prefabs/Bullet.prefab
  artifactKey: Guid(d01f1119961d5bd469b0470bafcc660b) Importer(815301076,1909f56bfc062723c751e8b465ee728b)
Start importing Assets/Prefabs/Bullet.prefab using Guid(d01f1119961d5bd469b0470bafcc660b) Importer(815301076,1909f56bfc062723c751e8b465ee728b)  -> (artifact id: '9af080a5b8da5fb4f75a9fad5abaceba') in 0.011123 seconds
  Import took 0.020003 seconds .

========================================================================
Received Prepare
Registering precompiled user dll's ...
Registered in 0.002345 seconds.
Begin MonoManager ReloadAssembly
Native extension for WindowsStandalone target not found
Refreshing native plugins compatible for Editor in 0.74 ms, found 0 plugins.
Preloading 0 native plugins for Editor in 0.00 ms.
Warning: Annotation not found!
UnityEngine.StackTraceUtility:ExtractStackTrace ()
UnityEditor.ProBuilder.EditorUtility:SetGizmoIconEnabled (System.Type,bool) (at Library/PackageCache/com.unity.probuilder@4.5.0/Editor/EditorCore/EditorUtility.cs:593)
UnityEditor.ProBuilder.HierarchyListener:.cctor () (at Library/PackageCache/com.unity.probuilder@4.5.0/Editor/EditorCore/HierarchyListener.cs:21)
System.Runtime.CompilerServices.RuntimeHelpers:RunClassConstructor (System.RuntimeTypeHandle)
UnityEditor.EditorAssemblies:ProcessInitializeOnLoadAttributes (System.Type[])

[Library/PackageCache/com.unity.probuilder@4.5.0/Editor/EditorCore/EditorUtility.cs line 593]

Invoked RoslynAnalysisRunner static constructor.
RoslynAnalysisRunner will not be running.
RoslynAnalysisRunner has terminated.
Mono: successfully reloaded assembly
- Completed reload, in  1.671 seconds
Platform modules already initialized, skipping
Shader 'Universal Render Pipeline/Particles/Lit': fallback shader 'Universal Render Pipeline/Particles/SimpleLit' not found
Refreshing native plugins compatible for Editor in 0.93 ms, found 0 plugins.
Preloading 0 native plugins for Editor in 0.00 ms.
Unloading 2988 Unused Serialized files (Serialized files now loaded: 0)
System memory in use before: 138.7 MB.
System memory in use after: 138.9 MB.

Unloading 10 unused Assets to reduce memory usage. Loaded Objects now: 3833.
Total: 5.264500 ms (FindLiveObjects: 0.433400 ms CreateObjectMapping: 0.167300 ms MarkObjects: 4.554400 ms  DeleteObjects: 0.108200 ms)

========================================================================
Received Import Request.
  Time since last request: 551.311733 seconds.
  path: Assets/Prefabs/Bullet.prefab
  artifactKey: Guid(d01f1119961d5bd469b0470bafcc660b) Importer(815301076,1909f56bfc062723c751e8b465ee728b)
Start importing Assets/Prefabs/Bullet.prefab using Guid(d01f1119961d5bd469b0470bafcc660b) Importer(815301076,1909f56bfc062723c751e8b465ee728b)  -> (artifact id: '367592c5720a0726504ea0f9119dfc2d') in 0.179203 seconds
  Import took 0.190935 seconds .

========================================================================
Received Prepare
Registering precompiled user dll's ...
Registered in 0.002386 seconds.
Begin MonoManager ReloadAssembly
Native extension for WindowsStandalone target not found
Refreshing native plugins compatible for Editor in 0.94 ms, found 0 plugins.
Preloading 0 native plugins for Editor in 0.00 ms.
Warning: Annotation not found!
UnityEngine.StackTraceUtility:ExtractStackTrace ()
UnityEditor.ProBuilder.EditorUtility:SetGizmoIconEnabled (System.Type,bool) (at Library/PackageCache/com.unity.probuilder@4.5.0/Editor/EditorCore/EditorUtility.cs:593)
UnityEditor.ProBuilder.HierarchyListener:.cctor () (at Library/PackageCache/com.unity.probuilder@4.5.0/Editor/EditorCore/HierarchyListener.cs:21)
System.Runtime.CompilerServices.RuntimeHelpers:RunClassConstructor (System.RuntimeTypeHandle)
UnityEditor.EditorAssemblies:ProcessInitializeOnLoadAttributes (System.Type[])

[Library/PackageCache/com.unity.probuilder@4.5.0/Editor/EditorCore/EditorUtility.cs line 593]

Invoked RoslynAnalysisRunner static constructor.
RoslynAnalysisRunner will not be running.
RoslynAnalysisRunner has terminated.
Mono: successfully reloaded assembly
- Completed reload, in  1.668 seconds
Platform modules already initialized, skipping
Shader 'Universal Render Pipeline/Particles/Lit': fallback shader 'Universal Render Pipeline/Particles/SimpleLit' not found
Refreshing native plugins compatible for Editor in 0.77 ms, found 0 plugins.
Preloading 0 native plugins for Editor in 0.00 ms.
Unloading 2988 Unused Serialized files (Serialized files now loaded: 0)
System memory in use before: 138.8 MB.
System memory in use after: 139.0 MB.

Unloading 10 unused Assets to reduce memory usage. Loaded Objects now: 3872.
Total: 4.836100 ms (FindLiveObjects: 0.334900 ms CreateObjectMapping: 0.125500 ms MarkObjects: 4.173100 ms  DeleteObjects: 0.200200 ms)

========================================================================
Received Import Request.
  Time since last request: 151.287737 seconds.
  path: Assets/Prefabs/Bullet.prefab
  artifactKey: Guid(d01f1119961d5bd469b0470bafcc660b) Importer(815301076,1909f56bfc062723c751e8b465ee728b)
Start importing Assets/Prefabs/Bullet.prefab using Guid(d01f1119961d5bd469b0470bafcc660b) Importer(815301076,1909f56bfc062723c751e8b465ee728b)  -> (artifact id: '9f8083fcfead39da03bb8f1bcb7f8c15') in 0.165330 seconds
  Import took 0.174001 seconds .

========================================================================
Received Import Request.
  Time since last request: 7.254298 seconds.
  path: Assets/Prefabs/Bullet.prefab
  artifactKey: Guid(d01f1119961d5bd469b0470bafcc660b) Importer(815301076,1909f56bfc062723c751e8b465ee728b)
Start importing Assets/Prefabs/Bullet.prefab using Guid(d01f1119961d5bd469b0470bafcc660b) Importer(815301076,1909f56bfc062723c751e8b465ee728b)  -> (artifact id: '2e8bffe5500f3dfd09d33ece657f3d3c') in 0.009829 seconds
  Import took 0.018343 seconds .

========================================================================
Received Import Request.
  Time since last request: 2.786376 seconds.
  path: Assets/Prefabs/Bullet.prefab
  artifactKey: Guid(d01f1119961d5bd469b0470bafcc660b) Importer(815301076,1909f56bfc062723c751e8b465ee728b)
Start importing Assets/Prefabs/Bullet.prefab using Guid(d01f1119961d5bd469b0470bafcc660b) Importer(815301076,1909f56bfc062723c751e8b465ee728b)  -> (artifact id: '763f4e8b63f8e8e790a55300aa89bac2') in 0.009073 seconds
  Import took 0.018300 seconds .

========================================================================
Received Prepare
Registering precompiled user dll's ...
Registered in 0.002768 seconds.
Begin MonoManager ReloadAssembly
Native extension for WindowsStandalone target not found
Refreshing native plugins compatible for Editor in 0.68 ms, found 0 plugins.
Preloading 0 native plugins for Editor in 0.00 ms.
Warning: Annotation not found!
UnityEngine.StackTraceUtility:ExtractStackTrace ()
UnityEditor.ProBuilder.EditorUtility:SetGizmoIconEnabled (System.Type,bool) (at Library/PackageCache/com.unity.probuilder@4.5.0/Editor/EditorCore/EditorUtility.cs:593)
UnityEditor.ProBuilder.HierarchyListener:.cctor () (at Library/PackageCache/com.unity.probuilder@4.5.0/Editor/EditorCore/HierarchyListener.cs:21)
System.Runtime.CompilerServices.RuntimeHelpers:RunClassConstructor (System.RuntimeTypeHandle)
UnityEditor.EditorAssemblies:ProcessInitializeOnLoadAttributes (System.Type[])

[Library/PackageCache/com.unity.probuilder@4.5.0/Editor/EditorCore/EditorUtility.cs line 593]

Invoked RoslynAnalysisRunner static constructor.
RoslynAnalysisRunner will not be running.
RoslynAnalysisRunner has terminated.
Mono: successfully reloaded assembly
- Completed reload, in  1.183 seconds
Platform modules already initialized, skipping
Shader 'Universal Render Pipeline/Particles/Lit': fallback shader 'Universal Render Pipeline/Particles/SimpleLit' not found
Refreshing native plugins compatible for Editor in 0.72 ms, found 0 plugins.
Preloading 0 native plugins for Editor in 0.00 ms.
Unloading 2988 Unused Serialized files (Serialized files now loaded: 0)
System memory in use before: 139.0 MB.
System memory in use after: 139.2 MB.

Unloading 10 unused Assets to reduce memory usage. Loaded Objects now: 3911.
Total: 3.483400 ms (FindLiveObjects: 0.349500 ms CreateObjectMapping: 0.135600 ms MarkObjects: 2.895600 ms  DeleteObjects: 0.101500 ms)

========================================================================
Received Import Request.
  Time since last request: 38.456531 seconds.
  path: Assets/Prefabs/MailDrone1.prefab
  artifactKey: Guid(905b2ca0b74439441be2704b5f28d3a1) Importer(815301076,1909f56bfc062723c751e8b465ee728b)
Start importing Assets/Prefabs/MailDrone1.prefab using Guid(905b2ca0b74439441be2704b5f28d3a1) Importer(815301076,1909f56bfc062723c751e8b465ee728b)  -> (artifact id: '6bc26b74f067b0b19ca1abfa98cc78b4') in 0.237640 seconds
  Import took 0.247574 seconds .

========================================================================
Received Import Request.
  Time since last request: 1.155664 seconds.
  path: Assets/Prefabs/MailDrone1.prefab
  artifactKey: Guid(905b2ca0b74439441be2704b5f28d3a1) Importer(815301076,1909f56bfc062723c751e8b465ee728b)
Start importing Assets/Prefabs/MailDrone1.prefab using Guid(905b2ca0b74439441be2704b5f28d3a1) Importer(815301076,1909f56bfc062723c751e8b465ee728b)  -> (artifact id: '756bb1b3d7183a6dc6f9df67deb21ba5') in 0.043206 seconds
  Import took 0.052060 seconds .

========================================================================
Received Prepare
Registering precompiled user dll's ...
Registered in 0.002214 seconds.
Begin MonoManager ReloadAssembly
Native extension for WindowsStandalone target not found
Refreshing native plugins compatible for Editor in 0.65 ms, found 0 plugins.
Preloading 0 native plugins for Editor in 0.00 ms.
Warning: Annotation not found!
UnityEngine.StackTraceUtility:ExtractStackTrace ()
UnityEditor.ProBuilder.EditorUtility:SetGizmoIconEnabled (System.Type,bool) (at Library/PackageCache/com.unity.probuilder@4.5.0/Editor/EditorCore/EditorUtility.cs:593)
UnityEditor.ProBuilder.HierarchyListener:.cctor () (at Library/PackageCache/com.unity.probuilder@4.5.0/Editor/EditorCore/HierarchyListener.cs:21)
System.Runtime.CompilerServices.RuntimeHelpers:RunClassConstructor (System.RuntimeTypeHandle)
UnityEditor.EditorAssemblies:ProcessInitializeOnLoadAttributes (System.Type[])

[Library/PackageCache/com.unity.probuilder@4.5.0/Editor/EditorCore/EditorUtility.cs line 593]

Invoked RoslynAnalysisRunner static constructor.
RoslynAnalysisRunner will not be running.
RoslynAnalysisRunner has terminated.
Mono: successfully reloaded assembly
- Completed reload, in  1.144 seconds
Platform modules already initialized, skipping
Shader 'Universal Render Pipeline/Particles/Lit': fallback shader 'Universal Render Pipeline/Particles/SimpleLit' not found
Refreshing native plugins compatible for Editor in 0.71 ms, found 0 plugins.
Preloading 0 native plugins for Editor in 0.00 ms.
Unloading 2988 Unused Serialized files (Serialized files now loaded: 0)
System memory in use before: 139.2 MB.
System memory in use after: 139.4 MB.

Unloading 10 unused Assets to reduce memory usage. Loaded Objects now: 3950.
Total: 4.174200 ms (FindLiveObjects: 0.345000 ms CreateObjectMapping: 0.131000 ms MarkObjects: 3.574300 ms  DeleteObjects: 0.122100 ms)

========================================================================
Received Import Request.
  Time since last request: 127.648354 seconds.
  path: Assets/Prefabs/MailDrone1.prefab
  artifactKey: Guid(905b2ca0b74439441be2704b5f28d3a1) Importer(815301076,1909f56bfc062723c751e8b465ee728b)
Start importing Assets/Prefabs/MailDrone1.prefab using Guid(905b2ca0b74439441be2704b5f28d3a1) Importer(815301076,1909f56bfc062723c751e8b465ee728b)  -> (artifact id: 'd712ecdf1c31ae786645ec7de1d10d02') in 0.242268 seconds
  Import took 0.251411 seconds .

========================================================================
Received Prepare
Registering precompiled user dll's ...
Registered in 0.002937 seconds.
Begin MonoManager ReloadAssembly
Native extension for WindowsStandalone target not found
Refreshing native plugins compatible for Editor in 0.72 ms, found 0 plugins.
Preloading 0 native plugins for Editor in 0.00 ms.
Warning: Annotation not found!
UnityEngine.StackTraceUtility:ExtractStackTrace ()
UnityEditor.ProBuilder.EditorUtility:SetGizmoIconEnabled (System.Type,bool) (at Library/PackageCache/com.unity.probuilder@4.5.0/Editor/EditorCore/EditorUtility.cs:593)
UnityEditor.ProBuilder.HierarchyListener:.cctor () (at Library/PackageCache/com.unity.probuilder@4.5.0/Editor/EditorCore/HierarchyListener.cs:21)
System.Runtime.CompilerServices.RuntimeHelpers:RunClassConstructor (System.RuntimeTypeHandle)
UnityEditor.EditorAssemblies:ProcessInitializeOnLoadAttributes (System.Type[])

[Library/PackageCache/com.unity.probuilder@4.5.0/Editor/EditorCore/EditorUtility.cs line 593]

Invoked RoslynAnalysisRunner static constructor.
RoslynAnalysisRunner will not be running.
RoslynAnalysisRunner has terminated.
Mono: successfully reloaded assembly
- Completed reload, in  1.767 seconds
Platform modules already initialized, skipping
Shader 'Universal Render Pipeline/Particles/Lit': fallback shader 'Universal Render Pipeline/Particles/SimpleLit' not found
Refreshing native plugins compatible for Editor in 0.70 ms, found 0 plugins.
Preloading 0 native plugins for Editor in 0.00 ms.
Unloading 2988 Unused Serialized files (Serialized files now loaded: 0)
System memory in use before: 139.3 MB.
System memory in use after: 139.5 MB.

Unloading 10 unused Assets to reduce memory usage. Loaded Objects now: 3989.
Total: 5.935100 ms (FindLiveObjects: 0.440600 ms CreateObjectMapping: 0.343300 ms MarkObjects: 5.039000 ms  DeleteObjects: 0.110100 ms)

========================================================================
Received Prepare
Registering precompiled user dll's ...
Registered in 0.002022 seconds.
Begin MonoManager ReloadAssembly
Native extension for WindowsStandalone target not found
Refreshing native plugins compatible for Editor in 0.75 ms, found 0 plugins.
Preloading 0 native plugins for Editor in 0.00 ms.
Warning: Annotation not found!
UnityEngine.StackTraceUtility:ExtractStackTrace ()
UnityEditor.ProBuilder.EditorUtility:SetGizmoIconEnabled (System.Type,bool) (at Library/PackageCache/com.unity.probuilder@4.5.0/Editor/EditorCore/EditorUtility.cs:593)
UnityEditor.ProBuilder.HierarchyListener:.cctor () (at Library/PackageCache/com.unity.probuilder@4.5.0/Editor/EditorCore/HierarchyListener.cs:21)
System.Runtime.CompilerServices.RuntimeHelpers:RunClassConstructor (System.RuntimeTypeHandle)
UnityEditor.EditorAssemblies:ProcessInitializeOnLoadAttributes (System.Type[])

[Library/PackageCache/com.unity.probuilder@4.5.0/Editor/EditorCore/EditorUtility.cs line 593]

Invoked RoslynAnalysisRunner static constructor.
RoslynAnalysisRunner will not be running.
RoslynAnalysisRunner has terminated.
Mono: successfully reloaded assembly
- Completed reload, in  1.149 seconds
Platform modules already initialized, skipping
Shader 'Universal Render Pipeline/Particles/Lit': fallback shader 'Universal Render Pipeline/Particles/SimpleLit' not found
Refreshing native plugins compatible for Editor in 0.65 ms, found 0 plugins.
Preloading 0 native plugins for Editor in 0.00 ms.
Unloading 2988 Unused Serialized files (Serialized files now loaded: 0)
System memory in use before: 139.3 MB.
System memory in use after: 139.5 MB.

Unloading 10 unused Assets to reduce memory usage. Loaded Objects now: 3992.
Total: 3.667800 ms (FindLiveObjects: 0.356900 ms CreateObjectMapping: 0.135100 ms MarkObjects: 3.059900 ms  DeleteObjects: 0.114400 ms)

========================================================================
Received Prepare
Registering precompiled user dll's ...
Registered in 0.002603 seconds.
Begin MonoManager ReloadAssembly
Native extension for WindowsStandalone target not found
Refreshing native plugins compatible for Editor in 1.05 ms, found 0 plugins.
Preloading 0 native plugins for Editor in 0.00 ms.
Warning: Annotation not found!
UnityEngine.StackTraceUtility:ExtractStackTrace ()
UnityEditor.ProBuilder.EditorUtility:SetGizmoIconEnabled (System.Type,bool) (at Library/PackageCache/com.unity.probuilder@4.5.0/Editor/EditorCore/EditorUtility.cs:593)
UnityEditor.ProBuilder.HierarchyListener:.cctor () (at Library/PackageCache/com.unity.probuilder@4.5.0/Editor/EditorCore/HierarchyListener.cs:21)
System.Runtime.CompilerServices.RuntimeHelpers:RunClassConstructor (System.RuntimeTypeHandle)
UnityEditor.EditorAssemblies:ProcessInitializeOnLoadAttributes (System.Type[])

[Library/PackageCache/com.unity.probuilder@4.5.0/Editor/EditorCore/EditorUtility.cs line 593]

Invoked RoslynAnalysisRunner static constructor.
RoslynAnalysisRunner will not be running.
RoslynAnalysisRunner has terminated.
Mono: successfully reloaded assembly
- Completed reload, in  1.274 seconds
Platform modules already initialized, skipping
Shader 'Universal Render Pipeline/Particles/Lit': fallback shader 'Universal Render Pipeline/Particles/SimpleLit' not found
Refreshing native plugins compatible for Editor in 1.19 ms, found 0 plugins.
Preloading 0 native plugins for Editor in 0.00 ms.
Unloading 2988 Unused Serialized files (Serialized files now loaded: 0)
System memory in use before: 139.3 MB.
System memory in use after: 139.5 MB.

Unloading 10 unused Assets to reduce memory usage. Loaded Objects now: 3995.
Total: 11.435800 ms (FindLiveObjects: 1.555000 ms CreateObjectMapping: 0.720500 ms MarkObjects: 9.032000 ms  DeleteObjects: 0.125700 ms)

========================================================================
Received Prepare
Registering precompiled user dll's ...
Registered in 0.003123 seconds.
Begin MonoManager ReloadAssembly
Native extension for WindowsStandalone target not found
Refreshing native plugins compatible for Editor in 0.66 ms, found 0 plugins.
Preloading 0 native plugins for Editor in 0.00 ms.
Warning: Annotation not found!
UnityEngine.StackTraceUtility:ExtractStackTrace ()
UnityEditor.ProBuilder.EditorUtility:SetGizmoIconEnabled (System.Type,bool) (at Library/PackageCache/com.unity.probuilder@4.5.0/Editor/EditorCore/EditorUtility.cs:593)
UnityEditor.ProBuilder.HierarchyListener:.cctor () (at Library/PackageCache/com.unity.probuilder@4.5.0/Editor/EditorCore/HierarchyListener.cs:21)
System.Runtime.CompilerServices.RuntimeHelpers:RunClassConstructor (System.RuntimeTypeHandle)
UnityEditor.EditorAssemblies:ProcessInitializeOnLoadAttributes (System.Type[])

[Library/PackageCache/com.unity.probuilder@4.5.0/Editor/EditorCore/EditorUtility.cs line 593]

Invoked RoslynAnalysisRunner static constructor.
RoslynAnalysisRunner will not be running.
RoslynAnalysisRunner has terminated.
Mono: successfully reloaded assembly
- Completed reload, in  1.605 seconds
Platform modules already initialized, skipping
Shader 'Universal Render Pipeline/Particles/Lit': fallback shader 'Universal Render Pipeline/Particles/SimpleLit' not found
Refreshing native plugins compatible for Editor in 0.77 ms, found 0 plugins.
Preloading 0 native plugins for Editor in 0.00 ms.
Unloading 2988 Unused Serialized files (Serialized files now loaded: 0)
System memory in use before: 139.3 MB.
System memory in use after: 139.5 MB.

Unloading 10 unused Assets to reduce memory usage. Loaded Objects now: 3998.
Total: 5.132000 ms (FindLiveObjects: 0.620700 ms CreateObjectMapping: 0.187300 ms MarkObjects: 4.160000 ms  DeleteObjects: 0.161100 ms)

========================================================================
Received Prepare
Registering precompiled user dll's ...
Registered in 0.002593 seconds.
Begin MonoManager ReloadAssembly
Native extension for WindowsStandalone target not found
Refreshing native plugins compatible for Editor in 0.98 ms, found 0 plugins.
Preloading 0 native plugins for Editor in 0.00 ms.
Warning: Annotation not found!
UnityEngine.StackTraceUtility:ExtractStackTrace ()
UnityEditor.ProBuilder.EditorUtility:SetGizmoIconEnabled (System.Type,bool) (at Library/PackageCache/com.unity.probuilder@4.5.0/Editor/EditorCore/EditorUtility.cs:593)
UnityEditor.ProBuilder.HierarchyListener:.cctor () (at Library/PackageCache/com.unity.probuilder@4.5.0/Editor/EditorCore/HierarchyListener.cs:21)
System.Runtime.CompilerServices.RuntimeHelpers:RunClassConstructor (System.RuntimeTypeHandle)
UnityEditor.EditorAssemblies:ProcessInitializeOnLoadAttributes (System.Type[])

[Library/PackageCache/com.unity.probuilder@4.5.0/Editor/EditorCore/EditorUtility.cs line 593]

Invoked RoslynAnalysisRunner static constructor.
RoslynAnalysisRunner will not be running.
RoslynAnalysisRunner has terminated.
Mono: successfully reloaded assembly
- Completed reload, in  1.345 seconds
Platform modules already initialized, skipping
Shader 'Universal Render Pipeline/Particles/Lit': fallback shader 'Universal Render Pipeline/Particles/SimpleLit' not found
Refreshing native plugins compatible for Editor in 0.73 ms, found 0 plugins.
Preloading 0 native plugins for Editor in 0.00 ms.
Unloading 2988 Unused Serialized files (Serialized files now loaded: 0)
System memory in use before: 139.4 MB.
System memory in use after: 139.5 MB.

Unloading 10 unused Assets to reduce memory usage. Loaded Objects now: 4001.
Total: 5.750500 ms (FindLiveObjects: 0.528700 ms CreateObjectMapping: 0.189900 ms MarkObjects: 4.904100 ms  DeleteObjects: 0.125500 ms)

========================================================================
Received Prepare
Registering precompiled user dll's ...
Registered in 0.002227 seconds.
Begin MonoManager ReloadAssembly
Native extension for WindowsStandalone target not found
Refreshing native plugins compatible for Editor in 0.69 ms, found 0 plugins.
Preloading 0 native plugins for Editor in 0.00 ms.
Warning: Annotation not found!
UnityEngine.StackTraceUtility:ExtractStackTrace ()
UnityEditor.ProBuilder.EditorUtility:SetGizmoIconEnabled (System.Type,bool) (at Library/PackageCache/com.unity.probuilder@4.5.0/Editor/EditorCore/EditorUtility.cs:593)
UnityEditor.ProBuilder.HierarchyListener:.cctor () (at Library/PackageCache/com.unity.probuilder@4.5.0/Editor/EditorCore/HierarchyListener.cs:21)
System.Runtime.CompilerServices.RuntimeHelpers:RunClassConstructor (System.RuntimeTypeHandle)
UnityEditor.EditorAssemblies:ProcessInitializeOnLoadAttributes (System.Type[])

[Library/PackageCache/com.unity.probuilder@4.5.0/Editor/EditorCore/EditorUtility.cs line 593]

Invoked RoslynAnalysisRunner static constructor.
RoslynAnalysisRunner will not be running.
RoslynAnalysisRunner has terminated.
Mono: successfully reloaded assembly
- Completed reload, in  1.460 seconds
Platform modules already initialized, skipping
Shader 'Universal Render Pipeline/Particles/Lit': fallback shader 'Universal Render Pipeline/Particles/SimpleLit' not found
Refreshing native plugins compatible for Editor in 0.67 ms, found 0 plugins.
Preloading 0 native plugins for Editor in 0.00 ms.
Unloading 2988 Unused Serialized files (Serialized files now loaded: 0)
System memory in use before: 139.4 MB.
System memory in use after: 139.5 MB.

Unloading 10 unused Assets to reduce memory usage. Loaded Objects now: 4004.
Total: 6.274600 ms (FindLiveObjects: 0.442400 ms CreateObjectMapping: 0.155300 ms MarkObjects: 5.507400 ms  DeleteObjects: 0.167300 ms)

========================================================================
Received Prepare
Registering precompiled user dll's ...
Registered in 0.002085 seconds.
Begin MonoManager ReloadAssembly
Native extension for WindowsStandalone target not found
Refreshing native plugins compatible for Editor in 0.66 ms, found 0 plugins.
Preloading 0 native plugins for Editor in 0.00 ms.
Warning: Annotation not found!
UnityEngine.StackTraceUtility:ExtractStackTrace ()
UnityEditor.ProBuilder.EditorUtility:SetGizmoIconEnabled (System.Type,bool) (at Library/PackageCache/com.unity.probuilder@4.5.0/Editor/EditorCore/EditorUtility.cs:593)
UnityEditor.ProBuilder.HierarchyListener:.cctor () (at Library/PackageCache/com.unity.probuilder@4.5.0/Editor/EditorCore/HierarchyListener.cs:21)
System.Runtime.CompilerServices.RuntimeHelpers:RunClassConstructor (System.RuntimeTypeHandle)
UnityEditor.EditorAssemblies:ProcessInitializeOnLoadAttributes (System.Type[])

[Library/PackageCache/com.unity.probuilder@4.5.0/Editor/EditorCore/EditorUtility.cs line 593]

Invoked RoslynAnalysisRunner static constructor.
RoslynAnalysisRunner will not be running.
RoslynAnalysisRunner has terminated.
Mono: successfully reloaded assembly
- Completed reload, in  1.303 seconds
Platform modules already initialized, skipping
Shader 'Universal Render Pipeline/Particles/Lit': fallback shader 'Universal Render Pipeline/Particles/SimpleLit' not found
Refreshing native plugins compatible for Editor in 0.64 ms, found 0 plugins.
Preloading 0 native plugins for Editor in 0.00 ms.
Unloading 2988 Unused Serialized files (Serialized files now loaded: 0)
System memory in use before: 139.4 MB.
System memory in use after: 139.5 MB.

Unloading 10 unused Assets to reduce memory usage. Loaded Objects now: 4007.
Total: 3.543800 ms (FindLiveObjects: 0.358100 ms CreateObjectMapping: 0.130000 ms MarkObjects: 2.931600 ms  DeleteObjects: 0.122500 ms)

========================================================================
Received Prepare
Registering precompiled user dll's ...
Registered in 0.002807 seconds.
Begin MonoManager ReloadAssembly
Native extension for WindowsStandalone target not found
Refreshing native plugins compatible for Editor in 0.92 ms, found 0 plugins.
Preloading 0 native plugins for Editor in 0.00 ms.
Warning: Annotation not found!
UnityEngine.StackTraceUtility:ExtractStackTrace ()
UnityEditor.ProBuilder.EditorUtility:SetGizmoIconEnabled (System.Type,bool) (at Library/PackageCache/com.unity.probuilder@4.5.0/Editor/EditorCore/EditorUtility.cs:593)
UnityEditor.ProBuilder.HierarchyListener:.cctor () (at Library/PackageCache/com.unity.probuilder@4.5.0/Editor/EditorCore/HierarchyListener.cs:21)
System.Runtime.CompilerServices.RuntimeHelpers:RunClassConstructor (System.RuntimeTypeHandle)
UnityEditor.EditorAssemblies:ProcessInitializeOnLoadAttributes (System.Type[])

[Library/PackageCache/com.unity.probuilder@4.5.0/Editor/EditorCore/EditorUtility.cs line 593]

Invoked RoslynAnalysisRunner static constructor.
RoslynAnalysisRunner will not be running.
RoslynAnalysisRunner has terminated.
Mono: successfully reloaded assembly
- Completed reload, in  1.569 seconds
Platform modules already initialized, skipping
Shader 'Universal Render Pipeline/Particles/Lit': fallback shader 'Universal Render Pipeline/Particles/SimpleLit' not found
Refreshing native plugins compatible for Editor in 0.79 ms, found 0 plugins.
Preloading 0 native plugins for Editor in 0.00 ms.
Unloading 2988 Unused Serialized files (Serialized files now loaded: 0)
System memory in use before: 139.4 MB.
System memory in use after: 139.5 MB.

Unloading 10 unused Assets to reduce memory usage. Loaded Objects now: 4010.
Total: 4.394700 ms (FindLiveObjects: 0.370700 ms CreateObjectMapping: 0.274100 ms MarkObjects: 3.630000 ms  DeleteObjects: 0.117900 ms)

AssetImportWorkerClient::OnTransportError - code=2 error=End of file
